<?xml version="1.0" encoding="windows-1252" standalone="no"?>
<!DOCTYPE log SYSTEM "logger.dtd">
<log>
<record>
  <date>2017-05-10T22:08:13</date>
  <millis>1494468493005</millis>
  <sequence>0</sequence>
  <logger>org.uma.jmetal.util.JMetalLogger</logger>
  <level>INFO</level>
  <class>org.uma.jmetal.util.JMetalLogger</class>
  <method>configureLoggers</method>
  <thread>1</thread>
  <message>Loggers configured with null</message>
</record>
<record>
  <date>2017-05-10T22:08:13</date>
  <millis>1494468493041</millis>
  <sequence>1</sequence>
  <logger>org.uma.jmetal.util.JMetalLogger</logger>
  <level>INFO</level>
  <class>una.pdi.AWFGA.main.GenerationalGeneticAlgorithmRunner</class>
  <method>main</method>
  <thread>1</thread>
  <message>Total execution time: 625021ms</message>
</record>
<record>
  <date>2017-05-10T22:08:13</date>
  <millis>1494468493042</millis>
  <sequence>2</sequence>
  <logger>org.uma.jmetal.util.JMetalLogger</logger>
  <level>INFO</level>
  <class>una.pdi.AWFGA.main.GenerationalGeneticAlgorithmRunner</class>
  <method>main</method>
  <thread>1</thread>
  <message>Objectives values have been written to file FUN.tsv</message>
</record>
<record>
  <date>2017-05-10T22:08:13</date>
  <millis>1494468493043</millis>
  <sequence>3</sequence>
  <logger>org.uma.jmetal.util.JMetalLogger</logger>
  <level>INFO</level>
  <class>una.pdi.AWFGA.main.GenerationalGeneticAlgorithmRunner</class>
  <method>main</method>
  <thread>1</thread>
  <message>Variables values have been written to file VAR.tsv</message>
</record>
</log>
